\BOOKMARK [1][-]{section.1}{\376\377\000P\000y\000T\000o\000r\000c\000h}{}% 1
\BOOKMARK [2][-]{subsection.1.1}{\376\377\000I\000n\000t\000r\000o\000d\000u\000c\000t\000i\000o\000n\000\040\040\023\000\040\000W\000h\000a\000t\000\040\000i\000s\000\040\000P\000y\000T\000o\000r\000c\000h\000?}{section.1}% 2
\BOOKMARK [2][-]{subsection.1.2}{\376\377\000W\000h\000y\000\040\000P\000y\000T\000o\000r\000c\000h\000?}{section.1}% 3
<<<<<<< HEAD
\BOOKMARK [1][-]{section.2}{\376\377\000P\000y\000T\000r\000o\000c\000h\000'\000s\000\040\000b\000a\000s\000i\000c\000\040\000f\000u\000n\000c\000t\000i\000o\000n\000s}{}% 4
=======
\BOOKMARK [1][-]{section.2}{\376\377\000P\000y\000T\000o\000c\000h\000'\000s\000\040\000b\000a\000s\000i\000c\000\040\000f\000u\000n\000c\000t\000i\000o\000n\000s}{}% 4
>>>>>>> 08d47205faa9d63a65dd73229defcd7651bb13ed
\BOOKMARK [2][-]{subsection.2.1}{\376\377\000T\000e\000n\000s\000o\000r}{section.2}% 5
\BOOKMARK [3][-]{subsubsection.2.1.1}{\376\377\000W\000h\000a\000t\000\040\000i\000s\000\040\000T\000e\000n\000s\000o\000r\000?}{subsection.2.1}% 6
\BOOKMARK [3][-]{subsubsection.2.1.2}{\376\377\000T\000e\000n\000s\000o\000r\000\040\000i\000n\000\040\000P\000y\000T\000o\000r\000c\000h}{subsection.2.1}% 7
\BOOKMARK [3][-]{subsubsection.2.1.3}{\376\377\000I\000n\000i\000t\000i\000a\000l\000i\000z\000i\000n\000g\000\040\000T\000e\000n\000s\000o\000r}{subsection.2.1}% 8
\BOOKMARK [3][-]{subsubsection.2.1.4}{\376\377\000O\000p\000e\000r\000a\000t\000i\000o\000n\000s\000\040\000o\000n\000\040\000T\000e\000n\000s\000o\000r\000s}{subsection.2.1}% 9
\BOOKMARK [3][-]{subsubsection.2.1.5}{\376\377\000B\000r\000i\000d\000g\000e\000\040\000w\000i\000t\000h\000\040\000N\000u\000m\000P\000y}{subsection.2.1}% 10
\BOOKMARK [2][-]{subsection.2.2}{\376\377\000D\000a\000t\000a\000s\000e\000t\000s\000\040\000a\000n\000d\000\040\000D\000a\000t\000a\000l\000o\000a\000d\000e\000r\000s}{section.2}% 11
\BOOKMARK [3][-]{subsubsection.2.2.1}{\376\377\000D\000a\000t\000a\000s\000e\000t\000s}{subsection.2.2}% 12
\BOOKMARK [3][-]{subsubsection.2.2.2}{\376\377\000D\000a\000t\000a\000l\000o\000a\000d\000e\000r\000s}{subsection.2.2}% 13
\BOOKMARK [2][-]{subsection.2.3}{\376\377\000T\000r\000a\000n\000s\000f\000o\000r\000m\000s}{section.2}% 14
\BOOKMARK [3][-]{subsubsection.2.3.1}{\376\377\000H\000o\000w\000\040\000t\000o\000\040\000u\000s\000e\000\040\000t\000r\000a\000n\000s\000f\000o\000r\000m\000s}{subsection.2.3}% 15
\BOOKMARK [2][-]{subsection.2.4}{\376\377\000B\000u\000i\000l\000d\000i\000n\000g\000\040\000N\000e\000u\000r\000a\000l\000\040\000N\000e\000t\000w\000o\000r\000k}{section.2}% 16
\BOOKMARK [3][-]{subsubsection.2.4.1}{\376\377\000H\000o\000w\000\040\000t\000o\000\040\000b\000u\000i\000l\000d\000\040\000a\000\040\000n\000e\000u\000r\000a\000l\000\040\000n\000e\000t\000w\000o\000r\000k}{subsection.2.4}% 17
\BOOKMARK [2][-]{subsection.2.5}{\376\377\000A\000u\000t\000o\000m\000a\000t\000i\000c\000\040\000D\000i\000f\000f\000e\000r\000e\000n\000t\000i\000a\000t\000i\000o\000n}{section.2}% 18
\BOOKMARK [3][-]{subsubsection.2.5.1}{\376\377\000C\000o\000m\000p\000u\000t\000i\000n\000g\000\040\000G\000r\000a\000d\000i\000e\000n\000t\000s}{subsection.2.5}% 19
\BOOKMARK [3][-]{subsubsection.2.5.2}{\376\377\000D\000i\000s\000a\000b\000l\000i\000n\000g\000\040\000G\000r\000a\000d\000i\000e\000n\000t\000\040\000T\000r\000a\000c\000k\000i\000n\000g}{subsection.2.5}% 20
\BOOKMARK [2][-]{subsection.2.6}{\376\377\000O\000p\000t\000i\000m\000i\000z\000e\000r\000s}{section.2}% 21
\BOOKMARK [3][-]{subsubsection.2.6.1}{\376\377\000H\000y\000p\000e\000r\000p\000a\000r\000a\000m\000e\000t\000e\000r\000s}{subsection.2.6}% 22
\BOOKMARK [3][-]{subsubsection.2.6.2}{\376\377\000O\000p\000t\000i\000m\000i\000z\000a\000t\000i\000o\000n\000\040\000L\000o\000o\000p}{subsection.2.6}% 23
\BOOKMARK [3][-]{subsubsection.2.6.3}{\376\377\000L\000o\000s\000s\000\040\000F\000u\000n\000c\000t\000i\000o\000n}{subsection.2.6}% 24
\BOOKMARK [3][-]{subsubsection.2.6.4}{\376\377\000O\000p\000t\000i\000m\000i\000z\000e\000r}{subsection.2.6}% 25
\BOOKMARK [2][-]{subsection.2.7}{\376\377\000S\000a\000v\000e\000\040\000a\000n\000d\000\040\000l\000o\000a\000d\000\040\000m\000o\000d\000e\000l}{section.2}% 26
\BOOKMARK [3][-]{subsubsection.2.7.1}{\376\377\000S\000a\000v\000i\000n\000g\000\040\000a\000n\000d\000\040\000l\000o\000a\000i\000n\000g\000\040\000m\000o\000d\000e\000l\000\040\000w\000e\000i\000g\000h\000t\000s}{subsection.2.7}% 27
\BOOKMARK [3][-]{subsubsection.2.7.2}{\376\377\000S\000a\000v\000i\000n\000g\000\040\000a\000n\000d\000\040\000l\000o\000a\000d\000i\000n\000g\000\040\000t\000h\000e\000\040\000m\000o\000d\000e\000l\000\040\000w\000i\000t\000h\000\040\000s\000h\000a\000p\000e\000s}{subsection.2.7}% 28
